Build started 3/7/2013 3:01:21 AM.
     1>Project "C:\Users\Rajiev\Desktop\Project1ComputerVision-RajievTimal-0220052-OtsuMethod\Otsu\Otsu.vcxproj" on node 2 (build target(s)).
     1>PrepareForBuild:
         Creating directory "C:\Users\Rajiev\Desktop\Project1ComputerVision-RajievTimal-0220052-OtsuMethod\Debug\".
       InitializeBuildStatus:
         Creating "Debug\Otsu.unsuccessfulbuild" because "AlwaysCreate" was specified.
       ClCompile:
         c:\Program Files (x86)\Microsoft Visual Studio 10.0\VC\bin\CL.exe /c /ZI /nologo /W3 /WX- /Od /Oy- /D WIN32 /D _DEBUG /D _CONSOLE /D _UNICODE /D UNICODE /Gm /EHsc /RTC1 /MDd /GS /fp:precise /Zc:wchar_t /Zc:forScope /Yc"StdAfx.h" /Fp"Debug\Otsu.pch" /Fo"Debug\\" /Fd"Debug\vc100.pdb" /Gd /TP /analyze- /errorReport:prompt stdafx.cpp
         stdafx.cpp
         c:\Program Files (x86)\Microsoft Visual Studio 10.0\VC\bin\CL.exe /c /ZI /nologo /W3 /WX- /Od /Oy- /D WIN32 /D _DEBUG /D _CONSOLE /D _UNICODE /D UNICODE /Gm /EHsc /RTC1 /MDd /GS /fp:precise /Zc:wchar_t /Zc:forScope /Yu"StdAfx.h" /Fp"Debug\Otsu.pch" /Fo"Debug\\" /Fd"Debug\vc100.pdb" /Gd /TP /analyze- /errorReport:prompt Otsu.cpp
         Otsu.cpp
     1>c:\users\rajiev\desktop\project1computervision-rajievtimal-0220052-otsumethod\otsu\otsu.cpp(78): warning C4244: '=' : conversion from 'int' to 'float', possible loss of data
       ManifestResourceCompile:
         C:\Program Files (x86)\Microsoft SDKs\Windows\v7.0A\bin\rc.exe /nologo /fo"Debug\Otsu.exe.embed.manifest.res" Debug\Otsu_manifest.rc 
       Link:
         c:\Program Files (x86)\Microsoft Visual Studio 10.0\VC\bin\link.exe /ERRORREPORT:PROMPT /OUT:"C:\Users\Rajiev\Desktop\Project1ComputerVision-RajievTimal-0220052-OtsuMethod\Debug\Otsu.exe" /INCREMENTAL /NOLOGO kernel32.lib user32.lib gdi32.lib winspool.lib comdlg32.lib advapi32.lib shell32.lib ole32.lib oleaut32.lib uuid.lib odbc32.lib odbccp32.lib /MANIFEST /ManifestFile:"Debug\Otsu.exe.intermediate.manifest" /MANIFESTUAC:"level='asInvoker' uiAccess='false'" /DEBUG /PDB:"C:\Users\Rajiev\Desktop\Project1ComputerVision-RajievTimal-0220052-OtsuMethod\Debug\Otsu.pdb" /SUBSYSTEM:CONSOLE /TLBID:1 /DYNAMICBASE /NXCOMPAT /IMPLIB:"C:\Users\Rajiev\Desktop\Project1ComputerVision-RajievTimal-0220052-OtsuMethod\Debug\Otsu.lib" /MACHINE:X86 Debug\Otsu.exe.embed.manifest.res
         Debug\Otsu.obj
         Debug\stdafx.obj
       Manifest:
         C:\Program Files (x86)\Microsoft SDKs\Windows\v7.0A\bin\mt.exe /nologo /verbose /out:"Debug\Otsu.exe.embed.manifest" /manifest Debug\Otsu.exe.intermediate.manifest
         C:\Program Files (x86)\Microsoft SDKs\Windows\v7.0A\bin\rc.exe /nologo /fo"Debug\Otsu.exe.embed.manifest.res" Debug\Otsu_manifest.rc 
       LinkEmbedManifest:
         c:\Program Files (x86)\Microsoft Visual Studio 10.0\VC\bin\link.exe /ERRORREPORT:PROMPT /OUT:"C:\Users\Rajiev\Desktop\Project1ComputerVision-RajievTimal-0220052-OtsuMethod\Debug\Otsu.exe" /INCREMENTAL /NOLOGO kernel32.lib user32.lib gdi32.lib winspool.lib comdlg32.lib advapi32.lib shell32.lib ole32.lib oleaut32.lib uuid.lib odbc32.lib odbccp32.lib /MANIFEST /ManifestFile:"Debug\Otsu.exe.intermediate.manifest" /MANIFESTUAC:"level='asInvoker' uiAccess='false'" /DEBUG /PDB:"C:\Users\Rajiev\Desktop\Project1ComputerVision-RajievTimal-0220052-OtsuMethod\Debug\Otsu.pdb" /SUBSYSTEM:CONSOLE /TLBID:1 /DYNAMICBASE /NXCOMPAT /IMPLIB:"C:\Users\Rajiev\Desktop\Project1ComputerVision-RajievTimal-0220052-OtsuMethod\Debug\Otsu.lib" /MACHINE:X86 Debug\Otsu.exe.embed.manifest.res
         Debug\Otsu.obj
         Debug\stdafx.obj
         Otsu.vcxproj -> C:\Users\Rajiev\Desktop\Project1ComputerVision-RajievTimal-0220052-OtsuMethod\Debug\Otsu.exe
       FinalizeBuildStatus:
         Deleting file "Debug\Otsu.unsuccessfulbuild".
         Touching "Debug\Otsu.lastbuildstate".
     1>Done Building Project "C:\Users\Rajiev\Desktop\Project1ComputerVision-RajievTimal-0220052-OtsuMethod\Otsu\Otsu.vcxproj" (build target(s)).

Build succeeded.

Time Elapsed 00:00:05.41
